<?xml version="1.0" encoding="UTF-8"?>
<coverage generated="1614812954692" clover="3.2.0">
  <project timestamp="1614812954692" name="All files">
    <metrics statements="26" coveredstatements="24" conditionals="4" coveredconditionals="3" methods="6" coveredmethods="5" elements="36" coveredelements="32" complexity="0" loc="26" ncloc="26" packages="2" files="3" classes="3"/>
    <package name="site">
      <metrics statements="17" coveredstatements="15" conditionals="4" coveredconditionals="3" methods="1" coveredmethods="0"/>
      <file name="meadowlark.js" path="F:\Node_repository\meadowlark\site\meadowlark.js">
        <metrics statements="17" coveredstatements="15" conditionals="4" coveredconditionals="3" methods="1" coveredmethods="0"/>
        <line num="1" count="1" type="stmt"/>
        <line num="2" count="1" type="stmt"/>
        <line num="4" count="1" type="stmt"/>
        <line num="5" count="1" type="stmt"/>
        <line num="7" count="1" type="stmt"/>
        <line num="10" count="1" type="stmt"/>
        <line num="16" count="1" type="stmt"/>
        <line num="18" count="1" type="cond" truecount="2" falsecount="0"/>
        <line num="20" count="1" type="stmt"/>
        <line num="22" count="1" type="stmt"/>
        <line num="23" count="1" type="stmt"/>
        <line num="25" count="1" type="stmt"/>
        <line num="27" count="1" type="stmt"/>
        <line num="29" count="1" type="cond" truecount="1" falsecount="1"/>
        <line num="30" count="0" type="stmt"/>
        <line num="31" count="0" type="stmt"/>
        <line num="35" count="1" type="stmt"/>
      </file>
    </package>
    <package name="site.lib">
      <metrics statements="9" coveredstatements="9" conditionals="0" coveredconditionals="0" methods="5" coveredmethods="5"/>
      <file name="fortune.js" path="F:\Node_repository\meadowlark\site\lib\fortune.js">
        <metrics statements="4" coveredstatements="4" conditionals="0" coveredconditionals="0" methods="1" coveredmethods="1"/>
        <line num="1" count="2" type="stmt"/>
        <line num="9" count="2" type="stmt"/>
        <line num="10" count="1" type="stmt"/>
        <line num="11" count="1" type="stmt"/>
      </file>
      <file name="handlers.js" path="F:\Node_repository\meadowlark\site\lib\handlers.js">
        <metrics statements="5" coveredstatements="5" conditionals="0" coveredconditionals="0" methods="4" coveredmethods="4"/>
        <line num="1" count="2" type="stmt"/>
        <line num="3" count="2" type="stmt"/>
        <line num="4" count="2" type="stmt"/>
        <line num="5" count="2" type="stmt"/>
        <line num="6" count="2" type="stmt"/>
      </file>
    </package>
  </project>
</coverage>
